<?xml version="1.0" encoding="UTF-8"?>
<testng-results skipped="0" failed="0" ignored="0" total="1" passed="1">
  <reporter-output>
  </reporter-output>
  <suite name="Default suite" duration-ms="31033" started-at="2018-02-24T17:47:52Z" finished-at="2018-02-24T17:48:23Z">
    <groups>
    </groups>
    <test name="Default test" duration-ms="31033" started-at="2018-02-24T17:47:52Z" finished-at="2018-02-24T17:48:23Z">
      <class name="AutomationTest.AutomationTest6">
        <test-method status="PASS" signature="BeforeAT6()[pri:0, instance:AutomationTest.AutomationTest6@d25987]" name="BeforeAT6" is-config="true" duration-ms="16" started-at="2018-02-24T23:17:52Z" finished-at="2018-02-24T23:17:52Z">
          <reporter-output>
          </reporter-output>
        </test-method> <!-- BeforeAT6 -->
        <test-method status="PASS" signature="AT6()[pri:0, instance:AutomationTest.AutomationTest6@d25987]" name="AT6" duration-ms="30971" started-at="2018-02-24T23:17:52Z" finished-at="2018-02-24T23:18:23Z">
          <reporter-output>
          </reporter-output>
        </test-method> <!-- AT6 -->
        <test-method status="PASS" signature="AfterAT6()[pri:0, instance:AutomationTest.AutomationTest6@d25987]" name="AfterAT6" is-config="true" duration-ms="0" started-at="2018-02-24T23:18:23Z" finished-at="2018-02-24T23:18:23Z">
          <reporter-output>
          </reporter-output>
        </test-method> <!-- AfterAT6 -->
      </class> <!-- AutomationTest.AutomationTest6 -->
    </test> <!-- Default test -->
  </suite> <!-- Default suite -->
</testng-results>
